object Contact created
object Contact created
object Contact created
object Contact created
object Contact created
object Contact created
object Contact created
object Contact created
object PhoneBook created
object Contact created
=== Contact "asd as" stored at slot [0] added ===
object Contact deleted
object PhoneBook deleted
object Contact deleted
object Contact deleted
object Contact deleted
object Contact deleted
object Contact deleted
object Contact deleted
object Contact deleted
object Contact deleted
